[    0.000000] Initializing cgroup subsys cpuset
[    0.000000] Initializing cgroup subsys cpu
[    0.000000] Initializing cgroup subsys cpuacct
[    0.000000] Linux version 4.4.0-93-generic (buildd@lgw01-03) (gcc version 5.4.0 20160609 (Ubuntu 5.4.0-6ubuntu1~16.04.4) ) #116-Ubuntu SMP Fri Aug 11 21:17:51 UTC 2017 (Ubuntu 4.4.0-93.116-generic 4.4.79)
[    0.000000] Command line: BOOT_IMAGE=/boot/vmlinuz-4.4.0-93-generic root=LABEL=cloudimg-rootfs ro console=tty1 console=ttyS0
[    0.000000] KERNEL supported cpus:
[    0.000000]   Intel GenuineIntel
[    0.000000]   AMD AuthenticAMD
[    0.000000]   Centaur CentaurHauls
[    0.000000] x86/fpu: xstate_offset[2]:  576, xstate_sizes[2]:  256
[    0.000000] x86/fpu: Supporting XSAVE feature 0x01: 'x87 floating point registers'
[    0.000000] x86/fpu: Supporting XSAVE feature 0x02: 'SSE registers'
[    0.000000] x86/fpu: Supporting XSAVE feature 0x04: 'AVX registers'
[    0.000000] x86/fpu: Enabled xstate features 0x7, context size is 832 bytes, using 'standard' format.
[    0.000000] x86/fpu: Using 'lazy' FPU context switches.
[    0.000000] e820: BIOS-provided physical RAM map:
[    0.000000] BIOS-e820: [mem 0x0000000000000000-0x000000000009fbff] usable
[    0.000000] BIOS-e820: [mem 0x000000000009fc00-0x000000000009ffff] reserved
[    0.000000] BIOS-e820: [mem 0x00000000000f0000-0x00000000000fffff] reserved
[    0.000000] BIOS-e820: [mem 0x0000000000100000-0x000000007ffeffff] usable
[    0.000000] BIOS-e820: [mem 0x000000007fff0000-0x000000007fffffff] ACPI data
[    0.000000] BIOS-e820: [mem 0x00000000fec00000-0x00000000fec00fff] reserved
[    0.000000] BIOS-e820: [mem 0x00000000fee00000-0x00000000fee00fff] reserved
[    0.000000] BIOS-e820: [mem 0x00000000fffc0000-0x00000000ffffffff] reserved
[    0.000000] NX (Execute Disable) protection: active
[    0.000000] SMBIOS 2.5 present.
[    0.000000] Hypervisor detected: KVM
[    0.000000] e820: last_pfn = 0x7fff0 max_arch_pfn = 0x400000000
[    0.000000] MTRR: Disabled
[    0.000000] x86/PAT: MTRRs disabled, skipping PAT initialization too.
[    0.000000] CPU MTRRs all blank - virtualized system.
[    0.000000] x86/PAT: Configuration [0-7]: WB  WT  UC- UC  WB  WT  UC- UC  
[    0.000000] found SMP MP-table at [mem 0x0009fff0-0x0009ffff] mapped at [ffff88000009fff0]
[    0.000000] Scanning 1 areas for low memory corruption
[    0.000000] RAMDISK: [mem 0x36ac4000-0x37559fff]
[    0.000000] ACPI: Early table checksum verification disabled
[    0.000000] ACPI: RSDP 0x00000000000E0000 000024 (v02 VBOX  )
[    0.000000] ACPI: XSDT 0x000000007FFF0030 00003C (v01 VBOX   VBOXXSDT 00000001 ASL  00000061)
[    0.000000] ACPI: FACP 0x000000007FFF00F0 0000F4 (v04 VBOX   VBOXFACP 00000001 ASL  00000061)
[    0.000000] ACPI: DSDT 0x000000007FFF0470 0021FF (v02 VBOX   VBOXBIOS 00000002 INTL 20160930)
[    0.000000] ACPI: FACS 0x000000007FFF0200 000040
[    0.000000] ACPI: FACS 0x000000007FFF0200 000040
[    0.000000] ACPI: APIC 0x000000007FFF0240 00005C (v02 VBOX   VBOXAPIC 00000001 ASL  00000061)
[    0.000000] ACPI: SSDT 0x000000007FFF02A0 0001CC (v01 VBOX   VBOXCPUT 00000002 INTL 20160930)
[    0.000000] No NUMA configuration found
[    0.000000] Faking a node at [mem 0x0000000000000000-0x000000007ffeffff]
[    0.000000] NODE_DATA(0) allocated [mem 0x7ffeb000-0x7ffeffff]
[    0.000000] kvm-clock: Using msrs 4b564d01 and 4b564d00
[    0.000000] kvm-clock: cpu 0, msr 0:7ffe3001, primary cpu clock
[    0.000000] kvm-clock: using sched offset of 4711005718 cycles
[    0.000000] clocksource: kvm-clock: mask: 0xffffffffffffffff max_cycles: 0x1cd42e4dffb, max_idle_ns: 881590591483 ns
[    0.000000] Zone ranges:
[    0.000000]   DMA      [mem 0x0000000000001000-0x0000000000ffffff]
[    0.000000]   DMA32    [mem 0x0000000001000000-0x000000007ffeffff]
[    0.000000]   Normal   empty
[    0.000000]   Device   empty
[    0.000000] Movable zone start for each node
[    0.000000] Early memory node ranges
[    0.000000]   node   0: [mem 0x0000000000001000-0x000000000009efff]
[    0.000000]   node   0: [mem 0x0000000000100000-0x000000007ffeffff]
[    0.000000] Initmem setup node 0 [mem 0x0000000000001000-0x000000007ffeffff]
[    0.000000] ACPI: PM-Timer IO Port: 0x4008
[    0.000000] IOAPIC[0]: apic_id 2, version 32, address 0xfec00000, GSI 0-23
[    0.000000] ACPI: INT_SRC_OVR (bus 0 bus_irq 0 global_irq 2 dfl dfl)
[    0.000000] ACPI: INT_SRC_OVR (bus 0 bus_irq 9 global_irq 9 high level)
[    0.000000] Using ACPI (MADT) for SMP configuration information
[    0.000000] smpboot: Allowing 2 CPUs, 0 hotplug CPUs
[    0.000000] PM: Registered nosave memory: [mem 0x00000000-0x00000fff]
[    0.000000] PM: Registered nosave memory: [mem 0x0009f000-0x0009ffff]
[    0.000000] PM: Registered nosave memory: [mem 0x000a0000-0x000effff]
[    0.000000] PM: Registered nosave memory: [mem 0x000f0000-0x000fffff]
[    0.000000] e820: [mem 0x80000000-0xfebfffff] available for PCI devices
[    0.000000] Booting paravirtualized kernel on KVM
[    0.000000] clocksource: refined-jiffies: mask: 0xffffffff max_cycles: 0xffffffff, max_idle_ns: 7645519600211568 ns
[    0.000000] setup_percpu: NR_CPUS:512 nr_cpumask_bits:512 nr_cpu_ids:2 nr_node_ids:1
[    0.000000] PERCPU: Embedded 34 pages/cpu @ffff88007fc00000 s98328 r8192 d32744 u1048576
[    0.000000] PV qspinlock hash table entries: 256 (order: 0, 4096 bytes)
[    0.000000] Built 1 zonelists in Node order, mobility grouping on.  Total pages: 515961
[    0.000000] Policy zone: DMA32
[    0.000000] Kernel command line: BOOT_IMAGE=/boot/vmlinuz-4.4.0-93-generic root=LABEL=cloudimg-rootfs ro console=tty1 console=ttyS0
[    0.000000] PID hash table entries: 4096 (order: 3, 32768 bytes)
[    0.000000] Memory: 2033916K/2096696K available (8479K kernel code, 1294K rwdata, 3984K rodata, 1492K init, 1316K bss, 62780K reserved, 0K cma-reserved)
[    0.000000] SLUB: HWalign=64, Order=0-3, MinObjects=0, CPUs=2, Nodes=1
[    0.000000] Hierarchical RCU implementation.
[    0.000000] 	Build-time adjustment of leaf fanout to 64.
[    0.000000] 	RCU restricting CPUs from NR_CPUS=512 to nr_cpu_ids=2.
[    0.000000] RCU: Adjusting geometry for rcu_fanout_leaf=64, nr_cpu_ids=2
[    0.000000] NR_IRQS:33024 nr_irqs:440 16
[    0.000000] Console: colour VGA+ 80x25
[    0.000000] console [tty1] enabled
[    0.000000] console [ttyS0] enabled
[    0.000000] tsc: Detected 2494.296 MHz processor
[    1.507189] Calibrating delay loop (skipped) preset value.. 4988.59 BogoMIPS (lpj=9977184)
[    1.522538] pid_max: default: 32768 minimum: 301
[    1.552464] ACPI: Core revision 20150930
[    1.589554] ACPI: 2 ACPI AML tables successfully acquired and loaded
[    1.608346] Security Framework initialized
[    1.630794] Yama: becoming mindful.
[    1.653468] AppArmor: AppArmor initialized
[    1.679168] Dentry cache hash table entries: 262144 (order: 9, 2097152 bytes)
[    1.706223] Inode-cache hash table entries: 131072 (order: 8, 1048576 bytes)
[    1.714079] Mount-cache hash table entries: 4096 (order: 3, 32768 bytes)
[    1.756394] Mountpoint-cache hash table entries: 4096 (order: 3, 32768 bytes)
[    1.786740] Initializing cgroup subsys io
[    1.798048] Initializing cgroup subsys memory
[    1.807301] Initializing cgroup subsys devices
[    1.815696] Initializing cgroup subsys freezer
[    1.841494] Initializing cgroup subsys net_cls
[    1.850876] Initializing cgroup subsys perf_event
[    1.876910] Initializing cgroup subsys net_prio
[    1.910271] Initializing cgroup subsys hugetlb
[    1.929840] Initializing cgroup subsys pids
[    1.962818] CPU: Physical Processor ID: 0
[    1.970657] CPU: Processor Core ID: 0
[    1.989240] mce: CPU supports 0 MCE banks
[    2.004962] Last level iTLB entries: 4KB 512, 2MB 8, 4MB 8
[    2.038923] Last level dTLB entries: 4KB 512, 2MB 32, 4MB 32, 1GB 0
[    2.052836] Freeing SMP alternatives memory: 32K (ffffffff820ba000 - ffffffff820c2000)
[    2.125975] ftrace: allocating 32136 entries in 126 pages
[    2.347259] smpboot: APIC(0) Converting physical 0 to logical package 0
[    2.367401] smpboot: Max logical packages: 1
[    2.377519] x2apic enabled
[    2.385313] Switched APIC routing to physical x2apic.
[    2.403233] ..TIMER: vector=0x30 apic1=0 pin1=2 apic2=-1 pin2=-1
[    2.533640] smpboot: CPU0: Intel(R) Core(TM) i5-2450M CPU @ 2.50GHz (family: 0x6, model: 0x2a, stepping: 0x7)
[    2.562293] Performance Events: unsupported p6 CPU model 42 no PMU driver, software events only.
[    2.578961] KVM setup paravirtual spinlock
[    2.591707] x86: Booting SMP configuration:
[    2.601837] .... node  #0, CPUs:      #1
[    2.627477] kvm-clock: cpu 1, msr 0:7ffe3041, secondary cpu clock
[    2.632738] mce: CPU supports 0 MCE banks
[    2.637605] x86: Booted up 1 node, 2 CPUs
[    2.662127] smpboot: Total of 2 processors activated (9977.18 BogoMIPS)
[    2.679652] devtmpfs: initialized
[    2.710095] evm: security.selinux
[    2.731915] evm: security.SMACK64
[    2.761079] evm: security.SMACK64EXEC
[    2.770493] evm: security.SMACK64TRANSMUTE
[    2.776664] evm: security.SMACK64MMAP
[    2.793084] evm: security.ima
[    2.813576] evm: security.capability
[    2.819140] clocksource: jiffies: mask: 0xffffffff max_cycles: 0xffffffff, max_idle_ns: 7645041785100000 ns
[    2.828218] futex hash table entries: 512 (order: 3, 32768 bytes)
[    2.833961] pinctrl core: initialized pinctrl subsystem
[    2.841315] RTC time: 17:50:54, date: 11/01/17
[    2.857454] NET: Registered protocol family 16
[    2.873955] cpuidle: using governor ladder
[    2.906324] cpuidle: using governor menu
[    2.914170] PCCT header not found.
[    2.939552] ACPI: bus type PCI registered
[    2.952347] acpiphp: ACPI Hot Plug PCI Controller Driver version: 0.5
[    2.980979] PCI: Using configuration type 1 for base access
[    3.017166] ACPI: Added _OSI(Module Device)
[    3.035406] ACPI: Added _OSI(Processor Device)
[    3.040342] ACPI: Added _OSI(3.0 _SCP Extensions)
[    3.045843] ACPI: Added _OSI(Processor Aggregator Device)
[    3.088368] ACPI: Executed 1 blocks of module-level executable AML code
[    3.120804] ACPI: Interpreter enabled
[    3.133439] ACPI: (supports S0 S5)
[    3.138799] ACPI: Using IOAPIC for interrupt routing
[    3.143896] PCI: Using host bridge windows from ACPI; if necessary, use "pci=nocrs" and report a bug
[    3.191350] ACPI: PCI Root Bridge [PCI0] (domain 0000 [bus 00-ff])
[    3.223589] acpi PNP0A03:00: _OSC: OS supports [ASPM ClockPM Segments MSI]
[    3.234895] acpi PNP0A03:00: _OSC: not requesting OS control; OS requires [ExtendedConfig ASPM ClockPM MSI]
[    3.254584] acpi PNP0A03:00: fail to add MMCONFIG information, can't access extended PCI configuration space under this bridge.
[    3.276410] PCI host bridge to bus 0000:00
[    3.282847] pci_bus 0000:00: root bus resource [io  0x0000-0x0cf7 window]
[    3.295332] pci_bus 0000:00: root bus resource [io  0x0d00-0xffff window]
[    3.307881] pci_bus 0000:00: root bus resource [mem 0x000a0000-0x000bffff window]
[    3.350960] pci_bus 0000:00: root bus resource [mem 0x80000000-0xffdfffff window]
[    3.381591] pci_bus 0000:00: root bus resource [bus 00-ff]
[    3.396054] pci 0000:00:01.1: legacy IDE quirk: reg 0x10: [io  0x01f0-0x01f7]
[    3.420520] pci 0000:00:01.1: legacy IDE quirk: reg 0x14: [io  0x03f6]
[    3.469228] pci 0000:00:01.1: legacy IDE quirk: reg 0x18: [io  0x0170-0x0177]
[    3.478698] pci 0000:00:01.1: legacy IDE quirk: reg 0x1c: [io  0x0376]
[    3.579452] pci 0000:00:07.0: quirk: [io  0x4000-0x403f] claimed by PIIX4 ACPI
[    3.619794] pci 0000:00:07.0: quirk: [io  0x4100-0x410f] claimed by PIIX4 SMB
[    3.704400] ACPI: PCI Interrupt Link [LNKA] (IRQs 5 9 10 *11)
[    3.745266] ACPI: PCI Interrupt Link [LNKB] (IRQs 5 9 10 *11)
[    3.766754] ACPI: PCI Interrupt Link [LNKC] (IRQs 5 9 *10 11)
[    3.787275] ACPI: PCI Interrupt Link [LNKD] (IRQs 5 *9 10 11)
[    3.819180] ACPI: Enabled 2 GPEs in block 00 to 07
[    3.837627] vgaarb: setting as boot device: PCI:0000:00:02.0
[    3.877057] vgaarb: device added: PCI:0000:00:02.0,decodes=io+mem,owns=io+mem,locks=none
[    3.958548] vgaarb: loaded
[    3.971324] vgaarb: bridge control possible 0000:00:02.0
[    3.988433] SCSI subsystem initialized
[    4.016648] ACPI: bus type USB registered
[    4.034428] usbcore: registered new interface driver usbfs
[    4.068436] usbcore: registered new interface driver hub
[    4.110275] usbcore: registered new device driver usb
[    4.169537] PCI: Using ACPI for IRQ routing
[    4.186045] NetLabel: Initializing
[    4.190873] NetLabel:  domain hash size = 128
[    4.203999] NetLabel:  protocols = UNLABELED CIPSOv4
[    4.210322] NetLabel:  unlabeled traffic allowed by default
[    4.222907] amd_nb: Cannot enumerate AMD northbridges
[    4.235931] clocksource: Switched to clocksource kvm-clock
[    4.291468] AppArmor: AppArmor Filesystem Enabled
[    4.300888] pnp: PnP ACPI init
[    4.315703] pnp: PnP ACPI: found 3 devices
[    4.355676] clocksource: acpi_pm: mask: 0xffffff max_cycles: 0xffffff, max_idle_ns: 2085701024 ns
[    4.385958] NET: Registered protocol family 2
[    4.393586] TCP established hash table entries: 16384 (order: 5, 131072 bytes)
[    4.420477] TCP bind hash table entries: 16384 (order: 6, 262144 bytes)
[    4.427146] TCP: Hash tables configured (established 16384 bind 16384)
[    4.462771] UDP hash table entries: 1024 (order: 3, 32768 bytes)
[    4.470007] UDP-Lite hash table entries: 1024 (order: 3, 32768 bytes)
[    4.475318] NET: Registered protocol family 1
[    4.479288] pci 0000:00:00.0: Limiting direct PCI/PCI transfers
[    4.484836] pci 0000:00:01.0: Activating ISA DMA hang workarounds
[    4.513581] Unpacking initramfs...
[   12.163201] Freeing initrd memory: 10840K (ffff880036ac4000 - ffff88003755a000)
[   12.181558] RAPL PMU detected, API unit is 2^-32 Joules, 3 fixed counters 10737418240 ms ovfl timer
[   12.202424] hw unit of domain pp0-core 2^-0 Joules
[   12.222662] hw unit of domain package 2^-0 Joules
[   12.231203] hw unit of domain pp1-gpu 2^-0 Joules
[   12.239629] platform rtc_cmos: registered platform RTC device (no PNP device found)
[   12.263139] Scanning for low memory corruption every 60 seconds
[   12.281451] audit: initializing netlink subsys (disabled)
[   12.307291] audit: type=2000 audit(1509558667.151:1): initialized
[   12.317811] Initialise system trusted keyring
[   12.334019] HugeTLB registered 2 MB page size, pre-allocated 0 pages
[   12.352902] zbud: loaded
[   12.357311] VFS: Disk quotas dquot_6.6.0
[   12.361761] VFS: Dquot-cache hash table entries: 512 (order 0, 4096 bytes)
[   12.373617] squashfs: version 4.0 (2009/01/31) Phillip Lougher
[   12.392366] fuse init (API version 7.23)
[   12.447504] Key type big_key registered
[   12.510273] Allocating IMA MOK and blacklist keyrings.
[   12.541645] Key type asymmetric registered
[   12.554086] Asymmetric key parser 'x509' registered
[   12.581228] Block layer SCSI generic (bsg) driver version 0.4 loaded (major 249)
[   12.600619] io scheduler noop registered
[   12.662448] io scheduler deadline registered (default)
[   12.674349] io scheduler cfq registered
[   12.693583] pci_hotplug: PCI Hot Plug PCI Core version: 0.5
[   12.715332] pciehp: PCI Express Hot Plug Controller Driver version: 0.4
[   12.740453] ACPI: AC Adapter [AC] (on-line)
[   12.794858] input: Power Button as /devices/LNXSYSTM:00/LNXPWRBN:00/input/input0
[   12.842734] ACPI: Power Button [PWRF]
[   12.865895] input: Sleep Button as /devices/LNXSYSTM:00/LNXSLPBN:00/input/input1
[   12.884207] ACPI: Sleep Button [SLPF]
[   12.891900] GHES: HEST is not enabled!
[   12.924921] Serial: 8250/16550 driver, 32 ports, IRQ sharing enabled
[   12.943172] ACPI: Battery Slot [BAT0] (battery present)
[   12.995718] 00:02: ttyS0 at I/O 0x3f8 (irq = 4, base_baud = 115200) is a 16550A
[   13.017936] Linux agpgart interface v0.103
[   13.036109] loop: module loaded
[   13.042432] scsi host0: ata_piix
[   13.053714] scsi host1: ata_piix
[   13.071868] ata1: PATA max UDMA/33 cmd 0x1f0 ctl 0x3f6 bmdma 0xd000 irq 14
[   13.080897] ata2: PATA max UDMA/33 cmd 0x170 ctl 0x376 bmdma 0xd008 irq 15
[   13.090962] libphy: Fixed MDIO Bus: probed
[   13.105610] tun: Universal TUN/TAP device driver, 1.6
[   13.113221] tun: (C) 1999-2004 Max Krasnyansky <maxk@qualcomm.com>
[   13.132542] PPP generic driver version 2.4.2
[   13.157287] ehci_hcd: USB 2.0 'Enhanced' Host Controller (EHCI) Driver
[   13.177985] ehci-pci: EHCI PCI platform driver
[   13.193273] ehci-platform: EHCI generic platform driver
[   13.208947] ohci_hcd: USB 1.1 'Open' Host Controller (OHCI) Driver
[   13.232990] ohci-pci: OHCI PCI platform driver
[   13.272617] ohci-platform: OHCI generic platform driver
[   13.300672] uhci_hcd: USB Universal Host Controller Interface driver
[   13.341717] i8042: PNP: PS/2 Controller [PNP0303:PS2K,PNP0f03:PS2M] at 0x60,0x64 irq 1,12
[   13.415743] serio: i8042 KBD port at 0x60,0x64 irq 1
[   13.451805] serio: i8042 AUX port at 0x60,0x64 irq 12
[   13.474796] mousedev: PS/2 mouse device common for all mice
[   13.514322] input: AT Translated Set 2 keyboard as /devices/platform/i8042/serio0/input/input2
[   13.573183] rtc_cmos rtc_cmos: rtc core: registered rtc_cmos as rtc0
[   13.573510] rtc_cmos rtc_cmos: alarms up to one day, 114 bytes nvram
[   13.573570] i2c /dev entries driver
[   13.573926] device-mapper: uevent: version 1.0.3
[   13.574259] device-mapper: ioctl: 4.34.0-ioctl (2015-10-28) initialised: dm-devel@redhat.com
[   13.574310] ledtrig-cpu: registered to indicate activity on CPUs
[   13.583355] NET: Registered protocol family 10
[   13.583988] NET: Registered protocol family 17
[   13.584018] Key type dns_resolver registered
[   13.584638] microcode: CPU0 sig=0x206a7, pf=0x10, revision=0x0
[   13.627821] microcode: CPU1 sig=0x206a7, pf=0x10, revision=0x0
[   13.628125] microcode: Microcode Update Driver: v2.01 <tigran@aivazian.fsnet.co.uk>, Peter Oruba
[   13.628621] registered taskstats version 1
[   13.628675] Loading compiled-in X.509 certificates
[   13.631852] Loaded X.509 cert 'Build time autogenerated kernel key: a6f98c496ad22cf23b77f8fe21ff88c41791cbd4'
[   13.631938] zswap: loaded using pool lzo/zbud
[   13.637951] Key type trusted registered
[   13.651520] Key type encrypted registered
[   13.651542] AppArmor: AppArmor sha1 policy hashing enabled
[   13.651551] ima: No TPM chip found, activating TPM-bypass!
[   13.651613] evm: HMAC attrs: 0x1
[   13.653048]   Magic number: 9:695:844
[   13.658647] rtc_cmos rtc_cmos: setting system clock to 2017-11-01 17:51:05 UTC (1509558665)
[   13.659208] BIOS EDD facility v0.16 2004-Jun-25, 0 devices found
[   13.659209] EDD information not available.
[   14.178046] Freeing unused kernel memory: 1492K (ffffffff81f45000 - ffffffff820ba000)
[   14.196166] Write protecting the kernel read-only data: 14336k
[   14.206883] Freeing unused kernel memory: 1748K (ffff88000184b000 - ffff880001a00000)
[   14.223887] Freeing unused kernel memory: 112K (ffff880001de4000 - ffff880001e00000)
Loading, please wait...
starting version[   14.317048] random: systemd-udevd: uninitialized urandom read (16 bytes read, 3 bits of entropy available)
 229
[   14.318959] random: udevadm: uninitialized urandom read (16 bytes read, 3 bits of entropy available)
[   14.319103] random: udevadm: uninitialized urandom read (16 bytes read, 3 bits of entropy available)
[   14.319600] random: udevadm: uninitialized urandom read (16 bytes read, 3 bits of entropy available)
[   14.319836] random: udevadm: uninitialized urandom read (16 bytes read, 3 bits of entropy available)
[   14.320027] random: udevadm: uninitialized urandom read (16 bytes read, 3 bits of entropy available)
[   14.320461] random: udevadm: uninitialized urandom read (16 bytes read, 3 bits of entropy available)
[   14.320659] random: udevadm: uninitialized urandom read (16 bytes read, 3 bits of entropy available)
[   14.320884] random: udevadm: uninitialized urandom read (16 bytes read, 3 bits of entropy available)
[   14.321060] random: udevadm: uninitialized urandom read (16 bytes read, 3 bits of entropy available)
[   14.778873] e1000: Intel(R) PRO/1000 Network Driver - version 7.3.21-k8-NAPI
[   14.807715] e1000: Copyright (c) 1999-2006 Intel Corporation.
[   14.835989] Fusion MPT base driver 3.04.20
[   14.853387] Copyright (c) 1999-2008 LSI Corporation
[   14.990075] AVX version of gcm_enc/dec engaged.
[   15.005200] AES CTR mode by8 optimization enabled
[   15.079424] Fusion MPT SPI Host driver 3.04.20
[   15.111546] input: ImExPS/2 Generic Explorer Mouse as /devices/platform/i8042/serio1/input/input4
[   15.594534] e1000 0000:00:03.0 eth0: (PCI:33MHz:32-bit) 02:04:e4:df:e4:d8
[   15.664456] e1000 0000:00:03.0 eth0: Intel(R) PRO/1000 Network Connection
[   15.673031] e1000 0000:00:03.0 enp0s3: renamed from eth0
[   15.696526] mptbase: ioc0: Initiating bringup
[   15.768860] ioc0: LSI53C1030 A0: Capabilities={Initiator}
[   15.964102] scsi host2: ioc0: LSI53C1030 A0, FwRev=00000000h, Ports=1, MaxQ=256, IRQ=20
[   16.089391] scsi 2:0:0:0: Direct-Access     VBOX     HARDDISK         1.0  PQ: 0 ANSI: 5
[   16.124824] scsi target2:0:0: Beginning Domain Validation
[   16.187003] scsi target2:0:0: Domain Validation skipping write tests
[   16.257810] clocksource: tsc: mask: 0xffffffffffffffff max_cycles: 0x23f42d7d2cd, max_idle_ns: 440795285710 ns
[   16.492265] scsi target2:0:0: Ending Domain Validation
[   16.580626] scsi target2:0:0: asynchronous
[   16.602601] scsi 2:0:1:0: Direct-Access     VBOX     HARDDISK         1.0  PQ: 0 ANSI: 5
[   16.630920] scsi target2:0:1: Beginning Domain Validation
[   16.679074] scsi target2:0:1: Domain Validation skipping write tests
[   16.710280] scsi target2:0:1: Ending Domain Validation
[   16.721319] scsi target2:0:1: asynchronous
[   16.794811] sd 2:0:0:0: [sda] 20971520 512-byte logical blocks: (10.7 GB/10.0 GiB)
[   16.866185] sd 2:0:0:0: Attached scsi generic sg0 type 0
[   16.892147] sd 2:0:1:0: [sdb] 20480 512-byte logical blocks: (10.5 MB/10.0 MiB)
[   16.894950] sd 2:0:0:0: [sda] Write Protect is off
[   16.896254] sd 2:0:1:0: Attached scsi generic sg1 type 0
[   16.929010] sd 2:0:0:0: [sda] Incomplete mode parameter data
[   16.929771] sd 2:0:1:0: [sdb] Write Protect is off
[   16.931027] sd 2:0:1:0: [sdb] Incomplete mode parameter data
[   16.931034] sd 2:0:1:0: [sdb] Assuming drive cache: write through
[   16.998901] sd 2:0:1:0: [sdb] Attached SCSI disk
[   17.059335] sd 2:0:0:0: [sda] Assuming drive cache: write through
[   17.094886]  sda: sda1
[   17.135514] sd 2:0:0:0: [sda] Attached SCSI disk
[   18.036292] floppy0: no floppy controllers found
Begin: Loading e[   20.483477] md: linear personality registered for level -1
ssential drivers ... [   20.506409] md: multipath personality registered for level -4
[   20.537342] md: raid0 personality registered for level 0
[   20.587650] md: raid1 personality registered for level 1
[   20.684030] raid6: sse2x1   gen()  1957 MB/s
[   20.768088] raid6: sse2x1   xor()  1451 MB/s
[   20.848059] raid6: sse2x2   gen()  2425 MB/s
[   20.924013] raid6: sse2x2   xor()  1806 MB/s
[   20.996026] raid6: sse2x4   gen()  2793 MB/s
[   21.072022] raid6: sse2x4   xor()  2181 MB/s
[   21.087551] raid6: using algorithm sse2x4 gen() 2793 MB/s
[   21.093512] raid6: .... xor() 2181 MB/s, rmw enabled
[   21.105957] raid6: using ssse3x2 recovery algorithm
[   21.117377] xor: automatically using best checksumming function:
[   21.172018]    avx       :  4616.000 MB/sec
[   21.205127] async_tx: api initialized (async)
[   21.258580] md: raid6 personality registered for level 6
[   21.274939] md: raid5 personality registered for level 5
[   21.298966] md: raid4 personality registered for level 4
[   21.356362] md: raid10 personality registered for level 10
done.
Begin: Running /scripts/init-premount ... done.
Begin: Mounting root file system ... Begin: Running /scripts/local-top ... done.
Begin: Running /scripts/local-premount ... [   21.528959] Btrfs loaded
Scanning for Btrfs filesystems
done.
Warning: fsck not present, so skipping root file system
[   21.686789] EXT4-fs (sda1): mounted filesystem with ordered data mode. Opts: (null)
done.
Begin: Running /scripts/local-bottom ... done.
Begin: Running /scripts/init-bottom ... done.
[   22.536308] systemd[1]: systemd 229 running in system mode. (+PAM +AUDIT +SELINUX +IMA +APPARMOR +SMACK +SYSVINIT +UTMP +LIBCRYPTSETUP +GCRYPT +GNUTLS +ACL +XZ -LZ4 +SECCOMP +BLKID +ELFUTILS +KMOD -IDN)
[   22.601049] systemd[1]: Detected virtualization oracle.
[   22.620520] systemd[1]: Detected architecture x86-64.

Welcome to [1mUbuntu 16.04.3 LTS[0m!

[   22.729764] systemd[1]: Set hostname to <ubuntu>.
[   22.774583] systemd[1]: Initializing machine ID from random generator.
[   22.805457] systemd[1]: Installed transient /etc/machine-id file.
[   23.040060] random: nonblocking pool is initialized
[   23.837873] systemd[1]: Listening on udev Control Socket.
[[0;32m  OK  [0m] Listening on udev Control Socket.
[   23.860647] systemd[1]: Listening on /dev/initctl Compatibility Named Pipe.
[[0;32m  OK  [0m] Listening on /dev/initctl Compatibility Named Pipe.
[   23.900822] systemd[1]: Listening on LVM2 metadata daemon socket.
[[0;32m  OK  [0m] Listening on LVM2 metadata daemon socket.
[   23.993046] systemd[1]: Listening on udev Kernel Socket.
[[0;32m  OK  [0m] Listening on udev Kernel Socket.
[   24.041599] systemd[1]: Listening on Journal Socket (/dev/log).
[[0;32m  OK  [0m] Listening on Journal Socket (/dev/log).
[   24.080820] systemd[1]: Created slice System Slice.
[[0;32m  OK  [0m] Created slice System Slice.
[   24.110598] systemd[1]: Created slice system-serial\x2dgetty.slice.
[[0;32m  OK  [0m] Created slice system-serial\x2dgetty.slice.
[   24.161038] systemd[1]: Started Trigger resolvconf update for networkd DNS.
[[0;32m  OK  [0m] Started Trigger resolvconf update for networkd DNS.
[   24.226157] systemd[1]: Listening on Journal Audit Socket.
[[0;32m  OK  [0m] Listening on Journal Audit Socket.
[   24.313133] systemd[1]: Set up automount Arbitrary Executable File Formats File System Automount Point.
[[0;32m  OK  [0m] Set up automount Arbitrary Executab...ats File System Automount Point.
[   24.428826] systemd[1]: Listening on LVM2 poll daemon socket.
[[0;32m  OK  [0m] Listening on LVM2 poll daemon socket.
[   24.553447] systemd[1]: Listening on Journal Socket.
[[0;32m  OK  [0m] Listening on Journal Socket.
[   24.640463] systemd[1]: Mounting Debug File System...
         Mounting Debug File System...
[   24.675805] systemd[1]: Starting Remount Root and Kernel File Systems...
         Starting Remount[   24.702303] EXT4-fs (sda1): re-mounted. Opts: (null)
 Root and Kernel File Systems...
[   24.741384] systemd[1]: Starting Nameserver information manager...
         Starting Nameserver information manager...
[   24.792718] systemd[1]: Starting Set console keymap...
         Starting Set console keymap...
[   24.831761] systemd[1]: Starting Create list of required static device nodes for the current kernel...
         Starting Create list of required st... nodes for the current kernel...
[   24.892636] systemd[1]: Mounting Huge Pages File System...
         Mounting Huge Pages File System...
[   24.929274] systemd[1]: Reached target Encrypted Volumes.
[[0;32m  OK  [0m] Reached target Encrypted Volumes.
[   25.006653] systemd[1]: Reached target User and Group Name Lookups.
[[0;32m  OK  [0m] Reached target User and Group Name Lookups.
[   25.035009] systemd[1]: Listening on Device-mapper event daemon FIFOs.
[[0;32m  OK  [0m] Listening on Device-mapper event daemon FIFOs.
[   25.104484] systemd[1]: Mounting POSIX Message Queue File System...
         Mounting POSIX Message Queue File System...
[   25.162368] systemd[1]: Created slice User and Session Slice.
[[0;32m  OK  [0m] Created slice User and Session Slice.
[   25.197960] systemd[1]: Reached target Slices.
[[0;32m  OK  [0m] Reached target Slices.
[   25.216614] systemd[1]: Reached target Swap.
[[0;32m  OK  [0m] Reached target Swap.
[   25.248995] systemd[1]: Starting Uncomplicated firewall...
         Starting Uncomplicated firewall...
[   25.270585] systemd[1]: Listening on Syslog Socket.
[[0;32m  OK  [0m] Listening on Syslog Socket.
[   25.308732] systemd[1]: Starting Journal Service...
         Starting Journal Service...
[   25.356848] systemd[1]: Starting Load Kernel Modules...
         Starting Load Kernel Modules...
[   25.403128] systemd[1]: Started Forward Password Requests to Wall Directory Watch.
[[0;32m  OK  [0m] Started Forward Password Requests to Wall Directory Watch.
[   25.494626] systemd[1]: Starting Monitoring of LVM2 mirrors, snapshots etc. using dmeventd or progress polling...
         Startin[   25.541837] Loading iSCSI transport class v2.0-870.
g Monitoring of LVM2 mirrors... dmeventd or progress polling...
[   25.649249] systemd[1]: Mounted Huge Pages File System.
[[0;32m  OK  [0m] Mounted Huge Pages File System.
[   25.706575] systemd[1]: Mounted POSIX Message Queue File System.
[[0;32m  OK  [0m] Mounted POSIX Message Queue File System.
[   25.741917] systemd[1]: Mounted Debug File System.
[   25.758436] iscsi: registered transport (tcp)
[[0;32m  OK  [0m] Mounted Debug File System.
[   25.797515] systemd[1]: Started Journal Service.
[[0;32m  OK  [0m] Started Journal Service.
[[0;32m  OK  [0m] Started Remount Root and Kernel File Systems.
[[0;32m  OK  [0m] Started Set console keymap.
[[0;32m  OK  [0m] Started Create list of required sta...ce nodes for the current kernel.
[[0;32m  OK  [0m] Started Uncomplicated firewall.
[   25.959978] iscsi: registered transport (iser)
[[0;32m  OK  [0m] Started Nameserver information manager.
[[0;32m  OK  [0m] Started Load Kernel Modules.
[[0;32m  OK  [0m] Started LVM2 metadata daemon.
         Mounting FUSE Control File System...
         Starting Apply Kernel Variables...
         Starting Create Static Device Nodes in /dev...
         Starting udev Coldplug all Devices...
         Starting Load/Save Random Seed...
         Starting Initial cloud-init job (pre-networking)...
         Starting Flush Journal to Persistent Storage...
[[0;32m  OK  [0m] Mounted FUSE Control File System.
[[0;32m  OK  [0m] Started Apply Kernel Variables.
[[0;32m  OK  [0m] Started Load/Save Random Seed.
[[0;32m  OK  [0m] Started Create Static Device Nodes in /dev.
[[0;32m  OK  [0m] Started udev Coldplug all Devices.
         Starting udev Kernel Device Manager...
[[0;32m  OK  [0m] Started Flush Journal to Persistent Storage.
[[0;32m  OK  [0m] Started Monitoring of LVM2 mirrors,...ng dmeventd or progress polling.
[[0;32m  OK  [0m] Started udev Kernel Device Manager.
[[0;32m  OK  [0m] Reached target Local File Systems (Pre).
[[0;32m  OK  [0m] Reached target Local File Systems.
         Starting Create Volatile Files and Directories...
         Starting Commit a transient machine-id on disk...
         Starting Tell Plymouth To Write Out Runtime Data...
         Starting Set console font and keymap...
         Starting LSB: AppArmor initialization...
[[0;32m  OK  [0m] Started Dispatch Password Requests to Console Directory Watch.
[[0;32m  OK  [0m] Started Create Volatile Files and Directories.
[[0;32m  OK  [0m] Started Commit a transient machine-id on disk.
[[0;32m  OK  [0m] Started Tell Plymouth To Write Out Runtime Data.
[[0;32m  OK  [0m] Reached target System Time Synchronized.
         Starting Update UTMP about System Boot/Shutdown...
[[0;32m  OK  [0m] Started Update UTMP about System Boot/Shutdown.
[[0;32m  OK  [0m] Found device /dev/ttyS0.
[[0;32m  OK  [0m] Listening on Load/Save RF Kill Switch Status /dev/rfkill Watch.
[[0;32m  OK  [0m] Started LSB: AppArmor initialization.
[   31.434672] cloud-init[462]: Cloud-init v. 0.7.9 running 'init-local' at Wed, 01 Nov 2017 17:51:25 +0000. Up 29.80 seconds.
[[0;32m  OK  [0m] Started Set console font and keymap.
[[0;32m  OK  [0m] Started Initial cloud-init job (pre-networking).
[[0;32m  OK  [0m] Reached target Network (Pre).
         Starting Raise network interfaces...
[[0;32m  OK  [0m] Created slice system-getty.slice.
[[0;32m  OK  [0m] Started Raise network interfaces.
         Starting Initial cloud-init job (metadata service crawler)...
[[0;32m  OK  [0m] Reached target Network.
[   37.441159] cloud-init[940]: Cloud-init v. 0.7.9 running 'init' at Wed, 01 Nov 2017 17:51:29 +0000. Up 34.30 seconds.
[   37.506807] cloud-init[940]: ci-info: +++++++++++++++++++++++++++++++++++++Net device info+++++++++++++++++++++++++++++++++++++
[   37.545138] cloud-init[940]: ci-info: +--------+------+---------------------------+---------------+-------+-------------------+
[   37.605401] cloud-init[940]: ci-info: | Device |  Up  |          Address          |      Mask     | Scope |     Hw-Address    |
[[0;32m  OK  [0m] Started Initial cloud-init job (metadata service crawler).
[   37.642427] cloud-init[940]: ci-info: +--------+------+---------------------------+---------------+-------+-------------------+
[[0;32m  OK  [0m] Reached target Cloud-config availability.
[[0;32m  OK  [0m] Reached target Network is Online.
[   37.688451] cloud-init[940]: ci-info: |   lo   | True |         127.0.0.1         |   255.0.0.0   |   .   |         .         |
[   37.805115]          cloud-initStarting iSCSI initiator daemon (iscsid)...[940]: 
ci-info: |   lo   | True |          ::1/128          |       .       |  host |         .         |
[[0;32m  OK  [0m] Reached target System Initialization.
[   37.875155] cloud-init[940]: ci-info: | enp0s3 | True |         10.0.2.15         | 255.255.255.0 |   .   | 02:04:e4:df:e4:d8 |
[   37.958888] cloud-init[940]: ci-info: | enp0s3 | True | fe80::4:e4ff:fedf:e4d8/64 |       .       |  link | 02:04:e4:df:e4:d8 |
[   37.961482] cloud-init[940]: ci-info: +--------+------+---------------------------+---------------+-------+-------------------+
[   37.961927] cloud-init[940]: ci-info: +++++++++++++++++++++++++++Route IPv4 info++++++++++++++++++++++++++++
[   37.962284] cloud-init[940]: ci-info: +-------+-------------+----------+---------------+-----------+-------+
[   37.962614] cloud-init[940]: ci-info: | Route | Destination | Gateway  |    Genmask    | Interface | Flags |
[   37.962979] cloud-init[940]: ci-info: +-------+-------------+----------+---------------+-----------+-------+
[   37.963308] cloud-init[940]: ci-info: |   0   |   0.0.0.0   | 10.0.2.2 |    0.0.0.0    |   enp0s3  |   UG  |
[   37.963678] cloud-init[940]: ci-info: |   1   |   10.0.2.0  | 0.0.0.0  | 255.255.255.0 |   enp0s3  |   U   |
[[0;32m  OK  [0m] Started Daily apt download activities.
[[0;32m  OK  [0m] Started Daily apt upgrade and clean activities.
[[0;32m  OK  [0m] Listening on ACPID Listen Socket.
[[0;32m  OK  [0m] Listening on D-Bus System Message Bus Socket.
[[0;32m  OK  [0m] Started Daily Cleanup of Temporary Directories.
[[0;32m  OK  [0m] Started Timer to automatically refresh installed snaps.
[[0;32m  OK  [0m] Reached target Timers.
[   37.964049] cloud-init[940]: ci-info: +-------+-------------+----------+---------------+-----------+-------+
[   38.362637] [[0;32m  OK  [0m] Started ACPI Events Check.
[[0;32m  OK  [0m] Reached target Paths.
cloud-init[940]: Generating public/private rsa key pair.
[   38.425307] cloud-init[940]: Your identification has been saved in /etc/ssh/ssh_host_rsa_key.
[   38.459462] cloud-init[940]: Your public key has been saved in /etc/ssh/ssh_host_rsa_key.pub.
[   38.477365] cloud-init[940]: The key fingerprint is:
         Starting LXD - unix socket.
[[0;32m  OK  [0m] Listening on UUID daemon activation socket.
[   38.498168] cloud-init[940]: SHA256:C7e7rnrmfu5CyNO+dEUgCaPRjoKHIALaQdK56MX9zk0 root@ubuntu-xenial
         Starting Socket activation for snappy daemon.
[   38.618522] cloud-init[940]: The key's randomart image is:
[   38.646233] cloud-init[940]: +---[RSA 2048]----+
[   38.670583] cloud-init[940]: |+o+oo....        |
[[0;32m  OK  [0m] Listening on LXD - unix socket.
[   38.674227] [[0;32m  OK  [0m] Listening on Socket activation for snappy daemon.
[[0;32m  OK  [0m] Started iSCSI initiator daemon (iscsid).
cloud-init[940]: |=oo+.... .       |
[   38.753465] cloud-init[940]: |*o++.     .      |
         Starting Login to default iSCSI targets...
[[0;32m  OK  [0m] Reached target Sockets.
[[0;32m  OK  [0m] Reached target Basic System.
         Starting LSB: MD monitoring daemon...
[   38.775265] cloud-init[940]: |= +o..   .       |
[   38.821253] [cloud-init[0;32m  OK  [0m[940]: ] |.o.. oo S .      |Started FUSE filesystem for LXC.

[   38.823074] cloud-init[940]: | .  + o+ E       |
[   38.852699] cloud-init[940]: |     ++ *        |
         Starting System Logging Service...
[   38.859866] cloud-init[940]: |     .=+.o       |
[   38.874434] cloud-init[940]: |    .*=O*.       |
[   38.885831] [cloud-init[0;32m  OK  [0m[940]: ] +----[SHA256]-----+Started ACPI event daemon.

[   38.888284] cloud-init[940]: Generating public/private dsa key pair.
[   38.961420] [cloud-init[0;32m  OK  [0m[940]: ] Your identification has been saved in /etc/ssh/ssh_host_dsa_key.Started D-Bus System Message Bus.

[   38.983929] cloud-init[940]: Your public key has been saved in /etc/ssh/ssh_host_dsa_key.pub.
[   39.013523] cloud-init[940]: The key fingerprint is:
[   39.044610] cloud-init[940]: SHA256:HsxWySq+cwbjdrJUTIa1skpmyNyZAH7x5qjrugbPaMQ root@ubuntu-xenial
[   39.089027] cloud-init[940]: The key's randomart image is:
[   39.100578] cloud-init[940]: +---[DSA 1024]----+
[   39.106435] cloud-init[940]: |.  .    .        |
[   39.110633] cloud-init[940]: |..  o  o o .     |
[   39.124413] cloud-init[940]: | ... oo + +      |
[   39.145272]          cloud-initStarting LSB: Record successful boot for GRUB...[940]: 
| o.++o O o       |
[   39.190087] cloud-init[940]: |. +.B.o S        |
[   39.194047] cloud-init[940]: |.E.+ oo= .       |
[   39.194403] cloud-init[940]: |o=  ..oo.        |
[   39.194769] cloud-init[940]: |.o+  .=.+        |
[   39.195109] cloud-init[940]: |B+   .oB         |
[   39.195456] cloud-init[940]: +----[SHA256]-----+
[   39.195800] cloud-init[940]: Generating public/private ecdsa key pair.
         Starting /etc/rc.local Compatibility...
[   39.196717] cloud-init[940]: Your identification has been saved in /etc/ssh/ssh_host_ecdsa_key.
[   39.310105]          Starting Accounts Service...
cloud-init[940]: Your public key has been saved in /etc/ssh/ssh_host_ecdsa_key.pub.
[[0;32m  OK  [0m] Started Regular background program processing daemon.
[   39.359959] cloud-init[940]: The key fingerprint is:
[   39.405371]          Starting LXD - container startup/shutdown...
cloud-init[940]: SHA256:FpW12cpZwu4BBkEvmeGnqtz6UgIDeKJ9fwzs8LVJz5Q root@ubuntu-xenial
[   39.478603] cloud-init[940]: The key's randomart image is:
         Starting Login Service...
[   39.498776] cloud-init[940]: +---[ECDSA 256]---+
[   39.553274] cloud-init[940]: |.      .=..o.    |
[   39.554467] cloud-init[940]: |+ .    . B.. +   |
         Starting Apply the settings specified in cloud-config...
[   39.555495] cloud-init[940]: |.=   .  * =.= o  |
[   39.646659] cloud-init[940]: |. + o o o*E+ =   |
[   39.668647] cloud-init[940]: |   + = =S*  *    |
[   39.669857] cloud-init[940]: |    . =o= o. .   |
[[0;32m  OK  [0m] Started Deferred execution scheduler.
[[0;32m  OK  [0m] Started Unattended Upgrades Shutdown.
[   39.670765] cloud-init[940]: |     o..    .    |
[   39.752891] cloud-init[940]: |   ..o           |
[[0;32m  OK  [0m] Started Snappy daemon.
         Starting Auto import assertions from block devices...
[   39.766677] cloud-init[940]: |    ++o          |
         Starting Pollinate to seed the pseudo random number generator...
[   39.848948] cloud-init[940]: +----[SHA256]-----+
[   39.926243] cloud-init[940]: Generating public/private ed25519 key pair.[[0;32m  OK  [0m] Started System Logging Service.

[[0;32m  OK  [0m] Started /etc/rc.local Compatibility.
[   40.029349] cloud-init[[0;32m  OK  [0m] Started Auto import assertions from block devices.
[940]: Your identification has been saved in /etc/ssh/ssh_host_ed25519_key.
[   40.129432] cloud-init[940]: Your public key has been saved in /etc/ssh/ssh_host_ed25519_key.pub.
[   40.257536] cloud-init[940]: The key fingerprint is:
[   40.278040] cloud-init[940]: SHA256:Tfg7EIdaachKN9ECLXjBT++kch21v/C3vrJ0leerBkQ root@ubuntu-xenial
[   40.376713] cloud-init[940]: The key's randomart image is:
[[0;32m  OK  [0m] Started Login to default iSCSI targets.
[   40.378226] cloud-init[940]: +--[ED25519 256]--+
[   40.446255] cloud-init[940]: |   oo+..         |
[   40.509707] cloud-init[940]: |  . +.+o.+.E     |
[[0;32m  OK  [0m] Started LSB: MD monitoring daemon.
[   40.511957] cloud-init[940]: |   ..+=oB.+.     |
[   40.610970] [[0;32m  OK  [0m] Started LSB: Record successful boot for GRUB.
cloud-init[940]: |   . o.=+*..    .|
[   40.637544] cloud-init[940]: |    . .=S.+.   .o|
[   40.664536] cloud-init[940]: |    . o o..o.  o.|
[   40.697532] cloud-init[940]: |     o    ooo.. .|
[   40.774471] cloud-init[940]: |           o+o. .|
[[0;32m  OK  [0m] Started Login Service.
[   40.872011] cloud-init[940]: |            o*=+ |
         Starting Authenticate and Authorize Users to Run Privileged Tasks...
[[0;32m  OK  [0m] Reached target Remote File Systems (Pre).
[[0;32m  OK  [0m] Reached target Remote File Systems.
[   40.955304] cloud-init[940]: +----[SHA256]-----+
         Starting LSB: automatic crash report generation...
         Starting Permit User Sessions...
         Starting LSB: VirtualBox Linux Additions...
         Starting LSB: daemon to balance interrupts for SMP systems...
         Starting LSB: Set the CPU Frequency Scaling governor to "ondemand"...
[[0;32m  OK  [0m] Started Permit User Sessions.
[[0;32m  OK  [0m] Started Authenticate and Authorize Users to Run Privileged Tasks.
[[0;32m  OK  [0m] Started Accounts Service.
         Starting Hold until boot process finishes up...
         Starting Terminate Plymouth Boot Screen...
[[0;32m  OK  [0m] Started LSB: Set the CPU Frequency Scaling governor to "ondemand".
[[0;32m  OK  [0m] Started Hold until boot process finishes up.
[[0;32m  OK  [0m] Started Terminate Plymouth Boot Screen.
         Starting Set console scheme...
[[0;32m  OK  [0m] Started Serial Getty on ttyS0.
[[0;32m  OK  [0m] Started Getty on tty1.
[[0;32m  OK  [0m] Reached target Login Prompts.
[[0;32m  OK  [0m] Started LXD - container startup/shutdown.
[[0;32m  OK  [0m] Started LSB: automatic crash report generation.
[[0;32m  OK  [0m] Started LSB: daemon to balance interrupts for SMP systems.
[[0;32m  OK  [0m] Started Set console scheme.
[[0;32m  OK  [0m] Started LSB: VirtualBox Linux Additions.
[   43.653416] cloud-init[1084]: Generating locales (this might take a while)...
[[0;32m  OK  [0m] Started Pollinate to seed the pseudo random number generator.
         Starting OpenBSD Secure Shell server...
[[0;32m  OK  [0m] Started OpenBSD Secure Shell server.
[[0;32m  OK  [0m] Reached target Multi-User System.
[[0;32m  OK  [0m] Reached target Graphical Interface.
         Starting Update UTMP about System Runlevel Changes...
[[0;32m  OK  [0m] Started Update UTMP about System Runlevel Changes.
[   47.949982] cloud-init[1084]:   en_US.UTF-8... done
[   47.960805] cloud-init[1084]: Generation complete.

Ubuntu 16.04.3 LTS ubuntu-xenial ttyS0

ubuntu-xenial login: [   50.606072] cloud-init[1084]: Cloud-init v. 0.7.9 running 'modules:config' at Wed, 01 Nov 2017 17:51:38 +0000. Up 43.01 seconds.
ci-info: no authorized ssh keys fingerprints found for user ubuntu.
<14>Nov  1 17:51:49 ec2: 
<14>Nov  1 17:51:49 ec2: #############################################################
<14>Nov  1 17:51:49 ec2: -----BEGIN SSH HOST KEY FINGERPRINTS-----
<14>Nov  1 17:51:49 ec2: 1024 SHA256:HsxWySq+cwbjdrJUTIa1skpmyNyZAH7x5qjrugbPaMQ root@ubuntu-xenial (DSA)
<14>Nov  1 17:51:49 ec2: 256 SHA256:FpW12cpZwu4BBkEvmeGnqtz6UgIDeKJ9fwzs8LVJz5Q root@ubuntu-xenial (ECDSA)
<14>Nov  1 17:51:49 ec2: 256 SHA256:Tfg7EIdaachKN9ECLXjBT++kch21v/C3vrJ0leerBkQ root@ubuntu-xenial (ED25519)
<14>Nov  1 17:51:49 ec2: 2048 SHA256:C7e7rnrmfu5CyNO+dEUgCaPRjoKHIALaQdK56MX9zk0 root@ubuntu-xenial (RSA)
<14>Nov  1 17:51:49 ec2: -----END SSH HOST KEY FINGERPRINTS-----
<14>Nov  1 17:51:49 ec2: #############################################################
-----BEGIN SSH HOST KEY KEYS-----
ecdsa-sha2-nistp256 AAAAE2VjZHNhLXNoYTItbmlzdHAyNTYAAAAIbmlzdHAyNTYAAABBBD15Tvj/0XvF9v4b+aH6oUU3qrc0OW/AWnyysJeQuhMDFl3WSyT9H9ljCoFBYPUtOYTXbi6CM5AtU2/uIpwpEbY= root@ubuntu-xenial
ssh-ed25519 AAAAC3NzaC1lZDI1NTE5AAAAIFraDbAX+QE4jG2yo/Fz2cUN4WEBBfzXSJXa5k/JIIs4 root@ubuntu-xenial
ssh-rsa AAAAB3NzaC1yc2EAAAADAQABAAABAQDL1SE7bSIeonAA6agHzaS3qBXr2QxSOzgfmz+v7c/XfnvKB0RurqkdaZa2PrY13nXQdp0ypvcMKuSC+qSUS7aO8ELkAyxEqpd7DpjPo6K2iEjE0O0cY1vkA+2f2bVevdiDZ1lW3Cnl+c1kE0ziw6eMZAq1oJ8cmw3ARPXzBT5IZYE1rFTRcnsvr3Gt9Mt7G4StiICvetr/vffs4SEYrxNZxHZ06nEbDds/DqHmToX1S3e977WN8OgQ4TJqQwKLxW3dc+DfINZIqVdwqG5dGOB/jDnKd8nEW43Hu36cd51gxgRPSy5/nJxM2rBuwMvkMyK6U6xgbWg2aotDtYfSTocz root@ubuntu-xenial
-----END SSH HOST KEY KEYS-----
[   54.109783] cloud-init[1398]: Cloud-init v. 0.7.9 running 'modules:final' at Wed, 01 Nov 2017 17:51:48 +0000. Up 52.78 seconds.
[   54.110966] cloud-init[1398]: ci-info: no authorized ssh keys fingerprints found for user ubuntu.
[   54.111913] cloud-init[1398]: Cloud-init v. 0.7.9 finished at Wed, 01 Nov 2017 17:51:49 +0000. Datasource DataSourceNoCloud [seed=/dev/sdb][dsmode=net].  Up 53.97 seconds
